2022-09-14 15:36:52 INFO::Attempting to build USEEIOv2.0.2-walrus
2022-09-14 15:36:52 INFO::Begin model initialization...
2022-09-14 15:36:52 INFO::Initializing IO tables...
2022-09-14 15:36:52 INFO::Initializing Gross Output tables...
2022-09-14 15:36:54 INFO::Initializing Chain Price Index tables...
2022-09-14 15:36:55 INFO::Loading disaggregation specification file for WasteDisaggregationDetail...
2022-09-14 15:36:55 INFO::Initializing Disaggregation of IO tables...
2022-09-14 15:36:55 INFO::Initializing model satellite tables...
2022-09-14 15:36:55 INFO::Loading Greenhouse Gases flows from DataCommons...
2022-09-14 15:36:55 INFO::file not found, downloading from https://edap-ord-data-commons.s3.amazonaws.com/flowsa/FlowBySector
2022-09-14 15:39:09 INFO::Attempting to build USEEIOv2.0.2-walrus
2022-09-14 15:39:09 INFO::Begin model initialization...
2022-09-14 15:39:10 INFO::Initializing IO tables...
2022-09-14 15:39:10 INFO::Initializing Gross Output tables...
2022-09-14 15:39:12 INFO::Initializing Chain Price Index tables...
2022-09-14 15:39:12 INFO::Loading disaggregation specification file for WasteDisaggregationDetail...
2022-09-14 15:39:12 INFO::Initializing Disaggregation of IO tables...
2022-09-14 15:39:13 INFO::Initializing model satellite tables...
2022-09-14 15:39:13 INFO::Loading Greenhouse Gases flows from DataCommons...
2022-09-14 15:39:13 INFO::file not found, downloading from https://edap-ord-data-commons.s3.amazonaws.com/flowsa/FlowBySector
2022-09-14 15:47:42 INFO::Attempting to build USEEIOv2.0.2-walrus
2022-09-14 15:47:42 INFO::Begin model initialization...
2022-09-14 15:47:42 INFO::Initializing IO tables...
2022-09-14 15:47:42 INFO::Initializing Gross Output tables...
2022-09-14 15:47:44 INFO::Initializing Chain Price Index tables...
2022-09-14 15:47:44 INFO::Loading disaggregation specification file for WasteDisaggregationDetail...
2022-09-14 15:47:44 INFO::Initializing Disaggregation of IO tables...
2022-09-14 15:47:45 INFO::Initializing model satellite tables...
2022-09-14 15:47:45 INFO::Loading Greenhouse Gases flows from DataCommons...
2022-09-14 15:47:46 INFO::Loading Employment flows from DataCommons...
2022-09-14 15:47:46 INFO::file not found, downloading from https://edap-ord-data-commons.s3.amazonaws.com/flowsa/FlowBySector
2022-09-14 15:48:48 INFO::Attempting to build USEEIOv2.0.2-walrus
2022-09-14 15:48:48 INFO::Begin model initialization...
2022-09-14 15:48:48 INFO::Initializing IO tables...
2022-09-14 15:48:48 INFO::Initializing Gross Output tables...
2022-09-14 15:48:50 INFO::Initializing Chain Price Index tables...
2022-09-14 15:48:51 INFO::Loading disaggregation specification file for WasteDisaggregationDetail...
2022-09-14 15:48:51 INFO::Initializing Disaggregation of IO tables...
2022-09-14 15:48:51 INFO::Initializing model satellite tables...
2022-09-14 15:48:51 INFO::Loading Greenhouse Gases flows from DataCommons...
2022-09-14 15:48:52 INFO::Loading Employment flows from DataCommons...
2022-09-14 15:48:52 INFO::Loading Commercial non-hazardous waste excluding construction activities flows from DataCommons...
2022-09-14 15:48:52 INFO::file not found, downloading from https://edap-ord-data-commons.s3.amazonaws.com/flowsa/FlowBySector
2022-09-14 15:50:00 INFO::Attempting to build USEEIO-REI-Reference
2022-09-14 15:50:00 INFO::Begin model initialization...
2022-09-14 15:50:01 INFO::Initializing IO tables...
2022-09-14 15:50:01 INFO::Initializing Gross Output tables...
2022-09-14 15:50:02 INFO::Initializing Chain Price Index tables...
2022-09-14 15:50:03 INFO::Loading WIO specification file for REI_WIO...
2022-09-14 15:50:04 INFO::Waste adequately balanced within 1%.
2022-09-14 15:50:04 INFO::Initializing model satellite tables...
2022-09-14 15:50:04 INFO::Loading Primary Factors flows from ...
2022-09-14 15:50:04 INFO::No duplicate flows exist across satellite tables.
2022-09-14 15:50:04 INFO::Initializing model indicators...
2022-09-14 15:50:04 INFO::Getting Jobs Supported indicator from useeior...
2022-09-14 15:50:04 INFO::Getting Wages indicator from useeior...
2022-09-14 15:50:05 INFO::Getting Taxes indicator from useeior...
2022-09-14 15:50:05 INFO::Loading demand vectors ...
2022-09-14 15:50:05 INFO::Loading CompleteProduction demand vector...
2022-09-14 15:50:05 INFO::Loading DomesticProduction demand vector...
2022-09-14 15:50:05 INFO::Loading CompleteConsumption demand vector...
2022-09-14 15:50:05 INFO::Loading DomesticConsumption demand vector...
2022-09-14 15:50:05 INFO::Building commodity-by-commodity A matrix (direct requirements)...
2022-09-14 15:50:05 INFO::Building commodity-by-commodity A_d matrix (domestic direct requirements)...
2022-09-14 15:50:05 INFO::Calculating L matrix (total requirements)...
2022-09-14 15:50:05 INFO::Calculating L_d matrix (domestic total requirements)...
2022-09-14 15:50:05 INFO::Building B matrix (direct emissions and resource use per dollar)...
2022-09-14 15:50:05 INFO::Building C matrix (characterization factors for model indicators)...
2022-09-14 15:50:05 INFO::Calculating D matrix (direct environmental impacts per dollar)...
2022-09-14 15:50:05 INFO::Calculating M matrix (total emissions and resource use per dollar)...
2022-09-14 15:50:05 INFO::Calculating M_d matrix (total emissions and resource use per dollar from domestic activity)...
2022-09-14 15:50:05 INFO::Calculating N matrix (total environmental impacts per dollar)...
2022-09-14 15:50:05 INFO::Calculating N_d matrix (total environmental impacts per dollar from domestic activity)...
2022-09-14 15:50:05 INFO::Calculating Rho matrix (price year ratio)...
2022-09-14 15:50:05 INFO::Calculating Phi matrix (producer over purchaser price ratio)...
2022-09-14 15:50:05 INFO::Model build complete.
2022-09-14 15:50:06 INFO::Saved USEEIO-REI-Reference as REF-USEEIO to .rds
2022-09-14 15:50:06 INFO::Attempting to build NA
2022-09-14 15:50:06 INFO::Begin model initialization...
2022-09-14 15:53:30 INFO::Attempting to build USEEIO-REI-Reference
2022-09-14 15:53:30 INFO::Begin model initialization...
2022-09-14 15:53:30 INFO::Initializing IO tables...
2022-09-14 15:53:30 INFO::Initializing Gross Output tables...
2022-09-14 15:53:32 INFO::Initializing Chain Price Index tables...
2022-09-14 15:53:32 INFO::Loading WIO specification file for REI_WIO...
2022-09-14 15:53:33 INFO::Waste adequately balanced within 1%.
2022-09-14 15:53:33 INFO::Initializing model satellite tables...
2022-09-14 15:53:33 INFO::Loading Primary Factors flows from ...
2022-09-14 15:53:34 INFO::No duplicate flows exist across satellite tables.
2022-09-14 15:53:34 INFO::Initializing model indicators...
2022-09-14 15:53:34 INFO::Getting Jobs Supported indicator from useeior...
2022-09-14 15:53:34 INFO::Getting Wages indicator from useeior...
2022-09-14 15:53:34 INFO::Getting Taxes indicator from useeior...
2022-09-14 15:53:34 INFO::Loading demand vectors ...
2022-09-14 15:53:34 INFO::Loading CompleteProduction demand vector...
2022-09-14 15:53:34 INFO::Loading DomesticProduction demand vector...
2022-09-14 15:53:34 INFO::Loading CompleteConsumption demand vector...
2022-09-14 15:53:34 INFO::Loading DomesticConsumption demand vector...
2022-09-14 15:53:34 INFO::Building commodity-by-commodity A matrix (direct requirements)...
2022-09-14 15:53:34 INFO::Building commodity-by-commodity A_d matrix (domestic direct requirements)...
2022-09-14 15:53:34 INFO::Calculating L matrix (total requirements)...
2022-09-14 15:53:34 INFO::Calculating L_d matrix (domestic total requirements)...
2022-09-14 15:53:34 INFO::Building B matrix (direct emissions and resource use per dollar)...
2022-09-14 15:53:34 INFO::Building C matrix (characterization factors for model indicators)...
2022-09-14 15:53:34 INFO::Calculating D matrix (direct environmental impacts per dollar)...
2022-09-14 15:53:34 INFO::Calculating M matrix (total emissions and resource use per dollar)...
2022-09-14 15:53:34 INFO::Calculating M_d matrix (total emissions and resource use per dollar from domestic activity)...
2022-09-14 15:53:34 INFO::Calculating N matrix (total environmental impacts per dollar)...
2022-09-14 15:53:34 INFO::Calculating N_d matrix (total environmental impacts per dollar from domestic activity)...
2022-09-14 15:53:34 INFO::Calculating Rho matrix (price year ratio)...
2022-09-14 15:53:34 INFO::Calculating Phi matrix (producer over purchaser price ratio)...
2022-09-14 15:53:35 INFO::Model build complete.
2022-09-14 15:53:35 INFO::Saved USEEIO-REI-Reference as REF-REI to .rds
2022-09-14 15:53:35 INFO::Attempting to build USEEIO-WARM
2022-09-14 15:53:35 INFO::Begin model initialization...
2022-09-14 15:53:35 INFO::Initializing IO tables...
2022-09-14 15:53:36 INFO::Initializing Gross Output tables...
2022-09-14 15:53:37 INFO::Initializing Chain Price Index tables...
2022-09-14 15:53:38 INFO::Loading hybridization specification file for WARMv15...
2022-09-14 15:53:38 INFO::Initializing model satellite tables...
2022-09-14 15:53:38 INFO::Loading Greenhouse Gases flows from DataCommons...
2022-09-14 15:53:39 INFO::Loading Employment flows from DataCommons...
2022-09-14 15:53:39 INFO::Generating Value Added flows...
2022-09-14 15:53:39 INFO::No duplicate flows exist across satellite tables.
2022-09-14 15:53:39 INFO::Initializing model indicators...
2022-09-14 15:53:39 INFO::Getting WARM GHG indicator from DataCommons...
2022-09-14 15:53:39 INFO::file not found, downloading from https://edap-ord-data-commons.s3.amazonaws.com/lciafmt
2022-09-14 15:53:39 INFO::Loading demand vectors ...
2022-09-14 15:53:39 INFO::Loading CompleteProduction demand vector...
2022-09-14 15:53:39 INFO::Loading DomesticProduction demand vector...
2022-09-14 15:53:39 INFO::Loading CompleteConsumption demand vector...
2022-09-14 15:53:39 INFO::Loading DomesticConsumption demand vector...
2022-09-14 15:53:40 INFO::Building commodity-by-commodity A matrix (direct requirements)...
2022-09-14 15:53:40 INFO::Building commodity-by-commodity A_d matrix (domestic direct requirements)...
2022-09-14 15:53:40 INFO::Hybridizing model for A matrix...
2022-09-14 15:53:40 INFO::Hybridizing model for A matrix...
2022-09-14 15:53:40 INFO::Calculating L matrix (total requirements)...
2022-09-14 15:53:40 INFO::Calculating L_d matrix (domestic total requirements)...
2022-09-14 15:53:40 INFO::Building B matrix (direct emissions and resource use per dollar)...
2022-09-14 15:53:41 INFO::Hybridizing model for B matrix...
2022-09-14 15:53:41 INFO::Building C matrix (characterization factors for model indicators)...
2022-09-14 15:53:41 INFO::Calculating D matrix (direct environmental impacts per dollar)...
2022-09-14 15:53:41 INFO::Calculating M matrix (total emissions and resource use per dollar)...
2022-09-14 15:53:41 INFO::Calculating M_d matrix (total emissions and resource use per dollar from domestic activity)...
2022-09-14 15:53:41 INFO::Calculating N matrix (total environmental impacts per dollar)...
2022-09-14 15:53:41 INFO::Calculating N_d matrix (total environmental impacts per dollar from domestic activity)...
2022-09-14 15:53:41 INFO::Calculating Rho matrix (price year ratio)...
2022-09-14 15:53:41 INFO::Calculating Phi matrix (producer over purchaser price ratio)...
2022-09-14 15:53:41 INFO::Model build complete.
2022-09-14 15:53:41 INFO::Saved USEEIO-WARM as HIO-1 to .rds
2022-09-14 15:53:41 INFO::Attempting to build USEEIO-Waste-Disagg
2022-09-14 15:53:41 INFO::Begin model initialization...
2022-09-14 15:53:41 INFO::Initializing IO tables...
2022-09-14 15:53:42 INFO::Initializing Gross Output tables...
2022-09-14 15:53:43 INFO::Initializing Chain Price Index tables...
2022-09-14 15:53:44 INFO::Loading disaggregation specification file for WasteDisaggregationDetail...
2022-09-14 15:53:44 INFO::Loading disaggregation specification file for LandfillingDisaggregation...
2022-09-14 15:53:44 INFO::Loading disaggregation specification file for 562OTHDisaggregation...
2022-09-14 15:53:44 INFO::Loading disaggregation specification file for WasteCombustorsDisaggregation...
2022-09-14 15:53:44 INFO::Loading disaggregation specification file for MRFsDisaggregation...
2022-09-14 15:53:44 INFO::Initializing Disaggregation of IO tables...
2022-09-14 15:53:46 INFO::Converting select sectors to physical units...
2022-09-14 15:53:46 INFO::Initializing model satellite tables...
2022-09-14 15:53:46 INFO::Loading Greenhouse Gases flows from DataCommons...
2022-09-14 15:53:47 INFO::Loading Employment flows from DataCommons...
2022-09-14 15:53:47 INFO::Generating Value Added flows...
2022-09-14 15:53:47 INFO::No duplicate flows exist across satellite tables.
2022-09-14 15:53:47 INFO::Initializing model indicators...
2022-09-14 15:53:47 INFO::Getting GWP-AR4-100 indicator from DataCommons...
2022-09-14 15:53:47 INFO::file not found, downloading from https://edap-ord-data-commons.s3.amazonaws.com/lciafmt/ipcc
2022-09-14 15:53:47 INFO::Loading demand vectors ...
2022-09-14 15:53:47 INFO::Loading CompleteProduction demand vector...
2022-09-14 15:53:47 INFO::Loading DomesticProduction demand vector...
2022-09-14 15:53:47 INFO::Loading CompleteConsumption demand vector...
2022-09-14 15:53:47 INFO::Loading DomesticConsumption demand vector...
2022-09-14 15:53:48 INFO::Building commodity-by-commodity A matrix (direct requirements)...
2022-09-14 15:53:48 INFO::Building commodity-by-commodity A_d matrix (domestic direct requirements)...
2022-09-14 15:53:48 INFO::Calculating L matrix (total requirements)...
2022-09-14 15:53:48 INFO::Calculating L_d matrix (domestic total requirements)...
2022-09-14 15:53:48 INFO::Building B matrix (direct emissions and resource use per dollar)...
2022-09-14 15:53:48 INFO::Building C matrix (characterization factors for model indicators)...
2022-09-14 15:53:48 INFO::Calculating D matrix (direct environmental impacts per dollar)...
2022-09-14 15:53:48 INFO::Calculating M matrix (total emissions and resource use per dollar)...
2022-09-14 15:53:48 INFO::Calculating M_d matrix (total emissions and resource use per dollar from domestic activity)...
2022-09-14 15:53:48 INFO::Calculating N matrix (total environmental impacts per dollar)...
2022-09-14 15:53:48 INFO::Calculating N_d matrix (total environmental impacts per dollar from domestic activity)...
2022-09-14 15:53:48 INFO::Calculating Rho matrix (price year ratio)...
2022-09-14 15:53:48 INFO::Calculating Phi matrix (producer over purchaser price ratio)...
2022-09-14 15:53:48 INFO::Model build complete.
2022-09-14 15:53:49 INFO::Saved USEEIO-Waste-Disagg as HIO-2 to .rds
2022-09-14 15:53:49 INFO::Attempting to build USEEIO-REI
2022-09-14 15:53:49 INFO::Begin model initialization...
2022-09-14 15:53:49 INFO::Initializing IO tables...
2022-09-14 15:53:49 INFO::Initializing Gross Output tables...
2022-09-14 15:53:51 INFO::Initializing Chain Price Index tables...
2022-09-14 15:53:51 INFO::Loading WIO specification file for REI_WIO...
2022-09-14 15:53:52 INFO::Waste adequately balanced within 1%.
2022-09-14 15:53:53 INFO::Initializing model satellite tables...
2022-09-14 15:53:53 INFO::Loading Greenhouse Gases flows from DataCommons...
2022-09-14 15:53:53 INFO::Loading Employment flows from DataCommons...
2022-09-14 15:53:53 INFO::Generating Value Added flows...
2022-09-14 15:53:54 INFO::Loading Primary Factors for Waste Sectors flows from ...
2022-09-14 15:53:54 INFO::Initializing model indicators...
2022-09-14 15:53:54 INFO::Getting GWP-AR4-100 indicator from DataCommons...
2022-09-14 15:53:54 INFO::Loading demand vectors ...
2022-09-14 15:53:54 INFO::Loading CompleteProduction demand vector...
2022-09-14 15:53:54 INFO::Loading DomesticProduction demand vector...
2022-09-14 15:53:54 INFO::Loading CompleteConsumption demand vector...
2022-09-14 15:53:54 INFO::Loading DomesticConsumption demand vector...
2022-09-14 15:53:54 INFO::Building commodity-by-commodity A matrix (direct requirements)...
2022-09-14 15:53:54 INFO::Building commodity-by-commodity A_d matrix (domestic direct requirements)...
2022-09-14 15:53:54 INFO::Calculating L matrix (total requirements)...
2022-09-14 15:53:54 INFO::Calculating L_d matrix (domestic total requirements)...
2022-09-14 15:53:54 INFO::Building B matrix (direct emissions and resource use per dollar)...
2022-09-14 15:53:55 INFO::Building C matrix (characterization factors for model indicators)...
2022-09-14 15:53:55 INFO::Calculating D matrix (direct environmental impacts per dollar)...
2022-09-14 15:53:55 INFO::Calculating M matrix (total emissions and resource use per dollar)...
2022-09-14 15:53:55 INFO::Calculating M_d matrix (total emissions and resource use per dollar from domestic activity)...
2022-09-14 15:53:55 INFO::Calculating N matrix (total environmental impacts per dollar)...
2022-09-14 15:53:55 INFO::Calculating N_d matrix (total environmental impacts per dollar from domestic activity)...
2022-09-14 15:53:55 INFO::Calculating Rho matrix (price year ratio)...
2022-09-14 15:53:55 INFO::Calculating Phi matrix (producer over purchaser price ratio)...
2022-09-14 15:53:55 INFO::Model build complete.
2022-09-14 15:53:55 INFO::Saved USEEIO-REI as HIO-3 to .rds
2022-09-14 15:53:55 INFO::Attempting to build USEEIO-WIO-Disagg
2022-09-14 15:53:55 INFO::Begin model initialization...
2022-09-14 15:53:55 INFO::Initializing IO tables...
2022-09-14 15:53:56 INFO::Initializing Gross Output tables...
2022-09-14 15:53:57 INFO::Initializing Chain Price Index tables...
2022-09-14 15:53:58 INFO::Loading disaggregation specification file for WasteDisaggregationDetail...
2022-09-14 15:53:58 INFO::Loading disaggregation specification file for LandfillingDisaggregation...
2022-09-14 15:53:58 INFO::Loading disaggregation specification file for 562OTHDisaggregation...
2022-09-14 15:53:58 INFO::Loading disaggregation specification file for WasteCombustorsDisaggregation...
2022-09-14 15:53:58 INFO::Loading disaggregation specification file for MRFsDisaggregation...
2022-09-14 15:53:58 INFO::Initializing Disaggregation of IO tables...
2022-09-14 15:54:00 INFO::Loading WIO specification file for DisaggWIOConcrete...
2022-09-14 15:54:00 INFO::Loading WIO specification file for DisaggWIOFoodWaste...
2022-09-14 16:15:57 INFO::Attempting to build USEEIO-REI-Reference
2022-09-14 16:15:57 INFO::Begin model initialization...
2022-09-14 16:15:57 INFO::Initializing IO tables...
2022-09-14 16:15:57 INFO::Initializing Gross Output tables...
2022-09-14 16:15:59 INFO::Initializing Chain Price Index tables...
2022-09-14 16:16:00 INFO::Loading WIO specification file for REI_WIO...
2022-09-14 16:16:01 INFO::Waste adequately balanced within 1%.
2022-09-14 16:16:01 INFO::Initializing model satellite tables...
2022-09-14 16:16:01 INFO::Loading Primary Factors flows from ...
2022-09-14 16:16:01 INFO::No duplicate flows exist across satellite tables.
2022-09-14 16:16:01 INFO::Initializing model indicators...
2022-09-14 16:16:01 INFO::Getting Jobs Supported indicator from useeior...
2022-09-14 16:16:01 INFO::Getting Wages indicator from useeior...
2022-09-14 16:16:01 INFO::Getting Taxes indicator from useeior...
2022-09-14 16:16:01 INFO::Loading demand vectors ...
2022-09-14 16:16:01 INFO::Loading CompleteProduction demand vector...
2022-09-14 16:16:01 INFO::Loading DomesticProduction demand vector...
2022-09-14 16:16:01 INFO::Loading CompleteConsumption demand vector...
2022-09-14 16:16:01 INFO::Loading DomesticConsumption demand vector...
2022-09-14 16:16:01 INFO::Building commodity-by-commodity A matrix (direct requirements)...
2022-09-14 16:16:02 INFO::Building commodity-by-commodity A_d matrix (domestic direct requirements)...
2022-09-14 16:16:02 INFO::Calculating L matrix (total requirements)...
2022-09-14 16:16:02 INFO::Calculating L_d matrix (domestic total requirements)...
2022-09-14 16:16:02 INFO::Building B matrix (direct emissions and resource use per dollar)...
2022-09-14 16:16:02 INFO::Building C matrix (characterization factors for model indicators)...
2022-09-14 16:16:02 INFO::Calculating D matrix (direct environmental impacts per dollar)...
2022-09-14 16:16:02 INFO::Calculating M matrix (total emissions and resource use per dollar)...
2022-09-14 16:16:02 INFO::Calculating M_d matrix (total emissions and resource use per dollar from domestic activity)...
2022-09-14 16:16:02 INFO::Calculating N matrix (total environmental impacts per dollar)...
2022-09-14 16:16:02 INFO::Calculating N_d matrix (total environmental impacts per dollar from domestic activity)...
2022-09-14 16:16:02 INFO::Calculating Rho matrix (price year ratio)...
2022-09-14 16:16:02 INFO::Calculating Phi matrix (producer over purchaser price ratio)...
2022-09-14 16:16:02 INFO::Model build complete.
2022-09-14 16:16:02 INFO::Saved USEEIO-REI-Reference as REF-REI to .rds
2022-09-14 16:16:02 INFO::Attempting to build USEEIO-WARM
2022-09-14 16:16:02 INFO::Begin model initialization...
2022-09-14 16:16:02 INFO::Initializing IO tables...
2022-09-14 16:16:03 INFO::Initializing Gross Output tables...
2022-09-14 16:16:04 INFO::Initializing Chain Price Index tables...
2022-09-14 16:16:05 INFO::Loading hybridization specification file for WARMv15...
2022-09-14 16:16:05 INFO::Initializing model satellite tables...
2022-09-14 16:16:05 INFO::Loading Greenhouse Gases flows from DataCommons...
2022-09-14 16:16:06 INFO::Loading Employment flows from DataCommons...
2022-09-14 16:16:06 INFO::Generating Value Added flows...
2022-09-14 16:16:06 INFO::No duplicate flows exist across satellite tables.
2022-09-14 16:16:06 INFO::Initializing model indicators...
2022-09-14 16:16:06 INFO::Getting WARM GHG indicator from DataCommons...
2022-09-14 16:16:06 INFO::Loading demand vectors ...
2022-09-14 16:16:06 INFO::Loading CompleteProduction demand vector...
2022-09-14 16:16:06 INFO::Loading DomesticProduction demand vector...
2022-09-14 16:16:06 INFO::Loading CompleteConsumption demand vector...
2022-09-14 16:16:06 INFO::Loading DomesticConsumption demand vector...
2022-09-14 16:16:07 INFO::Building commodity-by-commodity A matrix (direct requirements)...
2022-09-14 16:16:07 INFO::Building commodity-by-commodity A_d matrix (domestic direct requirements)...
2022-09-14 16:16:07 INFO::Hybridizing model for A matrix...
2022-09-14 16:16:07 INFO::Hybridizing model for A matrix...
2022-09-14 16:16:07 INFO::Calculating L matrix (total requirements)...
2022-09-14 16:16:07 INFO::Calculating L_d matrix (domestic total requirements)...
2022-09-14 16:16:07 INFO::Building B matrix (direct emissions and resource use per dollar)...
2022-09-14 16:16:07 INFO::Hybridizing model for B matrix...
2022-09-14 16:16:08 INFO::Building C matrix (characterization factors for model indicators)...
2022-09-14 16:16:08 INFO::Calculating D matrix (direct environmental impacts per dollar)...
2022-09-14 16:16:08 INFO::Calculating M matrix (total emissions and resource use per dollar)...
2022-09-14 16:16:08 INFO::Calculating M_d matrix (total emissions and resource use per dollar from domestic activity)...
2022-09-14 16:16:08 INFO::Calculating N matrix (total environmental impacts per dollar)...
2022-09-14 16:16:08 INFO::Calculating N_d matrix (total environmental impacts per dollar from domestic activity)...
2022-09-14 16:16:08 INFO::Calculating Rho matrix (price year ratio)...
2022-09-14 16:16:08 INFO::Calculating Phi matrix (producer over purchaser price ratio)...
2022-09-14 16:16:08 INFO::Model build complete.
2022-09-14 16:16:08 INFO::Saved USEEIO-WARM as HIO-1 to .rds
2022-09-14 16:16:08 INFO::Attempting to build USEEIO-Waste-Disagg
2022-09-14 16:16:08 INFO::Begin model initialization...
2022-09-14 16:16:08 INFO::Initializing IO tables...
2022-09-14 16:16:08 INFO::Initializing Gross Output tables...
2022-09-14 16:16:10 INFO::Initializing Chain Price Index tables...
2022-09-14 16:16:11 INFO::Loading disaggregation specification file for WasteDisaggregationDetail...
2022-09-14 16:16:11 INFO::Loading disaggregation specification file for LandfillingDisaggregation...
2022-09-14 16:16:11 INFO::Loading disaggregation specification file for 562OTHDisaggregation...
2022-09-14 16:16:11 INFO::Loading disaggregation specification file for WasteCombustorsDisaggregation...
2022-09-14 16:16:11 INFO::Loading disaggregation specification file for MRFsDisaggregation...
2022-09-14 16:16:11 INFO::Initializing Disaggregation of IO tables...
2022-09-14 16:16:13 INFO::Converting select sectors to physical units...
2022-09-14 16:16:13 INFO::Initializing model satellite tables...
2022-09-14 16:16:13 INFO::Loading Greenhouse Gases flows from DataCommons...
2022-09-14 16:16:14 INFO::Loading Employment flows from DataCommons...
2022-09-14 16:16:14 INFO::Generating Value Added flows...
2022-09-14 16:16:14 INFO::No duplicate flows exist across satellite tables.
2022-09-14 16:16:14 INFO::Initializing model indicators...
2022-09-14 16:16:14 INFO::Getting GWP-AR4-100 indicator from DataCommons...
2022-09-14 16:16:14 INFO::Loading demand vectors ...
2022-09-14 16:16:14 INFO::Loading CompleteProduction demand vector...
2022-09-14 16:16:14 INFO::Loading DomesticProduction demand vector...
2022-09-14 16:16:14 INFO::Loading CompleteConsumption demand vector...
2022-09-14 16:16:14 INFO::Loading DomesticConsumption demand vector...
2022-09-14 16:16:15 INFO::Building commodity-by-commodity A matrix (direct requirements)...
2022-09-14 16:16:15 INFO::Building commodity-by-commodity A_d matrix (domestic direct requirements)...
2022-09-14 16:16:15 INFO::Calculating L matrix (total requirements)...
2022-09-14 16:16:15 INFO::Calculating L_d matrix (domestic total requirements)...
2022-09-14 16:16:15 INFO::Building B matrix (direct emissions and resource use per dollar)...
2022-09-14 16:16:15 INFO::Building C matrix (characterization factors for model indicators)...
2022-09-14 16:16:15 INFO::Calculating D matrix (direct environmental impacts per dollar)...
2022-09-14 16:16:15 INFO::Calculating M matrix (total emissions and resource use per dollar)...
2022-09-14 16:16:15 INFO::Calculating M_d matrix (total emissions and resource use per dollar from domestic activity)...
2022-09-14 16:16:15 INFO::Calculating N matrix (total environmental impacts per dollar)...
2022-09-14 16:16:15 INFO::Calculating N_d matrix (total environmental impacts per dollar from domestic activity)...
2022-09-14 16:16:15 INFO::Calculating Rho matrix (price year ratio)...
2022-09-14 16:16:15 INFO::Calculating Phi matrix (producer over purchaser price ratio)...
2022-09-14 16:16:15 INFO::Model build complete.
2022-09-14 16:16:16 INFO::Saved USEEIO-Waste-Disagg as HIO-2 to .rds
2022-09-14 16:16:16 INFO::Attempting to build USEEIO-REI
2022-09-14 16:16:16 INFO::Begin model initialization...
2022-09-14 16:16:16 INFO::Initializing IO tables...
2022-09-14 16:16:16 INFO::Initializing Gross Output tables...
2022-09-14 16:16:17 INFO::Initializing Chain Price Index tables...
2022-09-14 16:16:18 INFO::Loading WIO specification file for REI_WIO...
2022-09-14 16:16:19 INFO::Waste adequately balanced within 1%.
2022-09-14 16:16:19 INFO::Initializing model satellite tables...
2022-09-14 16:16:19 INFO::Loading Greenhouse Gases flows from DataCommons...
2022-09-14 16:16:20 INFO::Loading Employment flows from DataCommons...
2022-09-14 16:16:20 INFO::Generating Value Added flows...
2022-09-14 16:16:20 INFO::Loading Primary Factors for Waste Sectors flows from ...
2022-09-14 16:16:21 INFO::Initializing model indicators...
2022-09-14 16:16:21 INFO::Getting GWP-AR4-100 indicator from DataCommons...
2022-09-14 16:16:21 INFO::Loading demand vectors ...
2022-09-14 16:16:21 INFO::Loading CompleteProduction demand vector...
2022-09-14 16:16:21 INFO::Loading DomesticProduction demand vector...
2022-09-14 16:16:21 INFO::Loading CompleteConsumption demand vector...
2022-09-14 16:16:21 INFO::Loading DomesticConsumption demand vector...
2022-09-14 16:16:21 INFO::Building commodity-by-commodity A matrix (direct requirements)...
2022-09-14 16:16:21 INFO::Building commodity-by-commodity A_d matrix (domestic direct requirements)...
2022-09-14 16:16:21 INFO::Calculating L matrix (total requirements)...
2022-09-14 16:16:21 INFO::Calculating L_d matrix (domestic total requirements)...
2022-09-14 16:16:21 INFO::Building B matrix (direct emissions and resource use per dollar)...
2022-09-14 16:16:21 INFO::Building C matrix (characterization factors for model indicators)...
2022-09-14 16:16:21 INFO::Calculating D matrix (direct environmental impacts per dollar)...
2022-09-14 16:16:21 INFO::Calculating M matrix (total emissions and resource use per dollar)...
2022-09-14 16:16:21 INFO::Calculating M_d matrix (total emissions and resource use per dollar from domestic activity)...
2022-09-14 16:16:21 INFO::Calculating N matrix (total environmental impacts per dollar)...
2022-09-14 16:16:21 INFO::Calculating N_d matrix (total environmental impacts per dollar from domestic activity)...
2022-09-14 16:16:21 INFO::Calculating Rho matrix (price year ratio)...
2022-09-14 16:16:22 INFO::Calculating Phi matrix (producer over purchaser price ratio)...
2022-09-14 16:16:22 INFO::Model build complete.
2022-09-14 16:16:22 INFO::Saved USEEIO-REI as HIO-3 to .rds
2022-09-14 16:16:22 INFO::Attempting to build USEEIO-WIO-Disagg
2022-09-14 16:16:22 INFO::Begin model initialization...
2022-09-14 16:16:23 INFO::Initializing IO tables...
2022-09-14 16:16:23 INFO::Initializing Gross Output tables...
2022-09-14 16:16:24 INFO::Initializing Chain Price Index tables...
2022-09-14 16:16:25 INFO::Loading disaggregation specification file for WasteDisaggregationDetail...
2022-09-14 16:16:25 INFO::Loading disaggregation specification file for LandfillingDisaggregation...
2022-09-14 16:16:25 INFO::Loading disaggregation specification file for 562OTHDisaggregation...
2022-09-14 16:16:25 INFO::Loading disaggregation specification file for WasteCombustorsDisaggregation...
2022-09-14 16:16:25 INFO::Loading disaggregation specification file for MRFsDisaggregation...
2022-09-14 16:16:25 INFO::Initializing Disaggregation of IO tables...
2022-09-14 16:16:27 INFO::Loading WIO specification file for DisaggWIOConcrete...
2022-09-14 16:16:27 INFO::Loading WIO specification file for DisaggWIOFoodWaste...
